<?xml version="1.0" encoding="UTF-8"?>
<testng-results ignored="1" total="2" passed="1" failed="0" skipped="0">
  <reporter-output>
  </reporter-output>
  <suite started-at="2025-02-08T21:03:25 IST" name="Default suite" finished-at="2025-02-08T21:03:32 IST" duration-ms="6467">
    <groups>
    </groups>
    <test started-at="2025-02-08T21:03:25 IST" name="Default test" finished-at="2025-02-08T21:03:32 IST" duration-ms="6467">
      <class name="SelenidePractice.Day10_Scroll">
        <test-method signature="basicAuth()[pri:0, instance:SelenidePractice.Day10_Scroll@5c33f1a9]" started-at="2025-02-08T21:03:25 IST" name="basicAuth" finished-at="2025-02-08T21:03:32 IST" duration-ms="6411" status="PASS">
          <reporter-output>
          </reporter-output>
        </test-method> <!-- basicAuth -->
      </class> <!-- SelenidePractice.Day10_Scroll -->
    </test> <!-- Default test -->
  </suite> <!-- Default suite -->
</testng-results>
